<?xml version="1.0" encoding="UTF-8"?>
<!-- Generated by org.testng.reporters.JUnitXMLReporter -->
<testsuite hostname="MT-KHI-17" name="Demo" tests="11" failures="1" timestamp="15 Mar 2018 09:37:52 GMT" time="289.998" errors="0">
  <testcase name="Test01" time="75.449" classname="au.com.miracletek.tests.Demo"/>
  <testcase name="Test02" time="9.195" classname="au.com.miracletek.tests.Demo"/>
  <testcase name="Test03" time="14.314" classname="au.com.miracletek.tests.Demo"/>
  <testcase name="Test04" time="7.744" classname="au.com.miracletek.tests.Demo"/>
  <testcase name="Test05" time="16.891" classname="au.com.miracletek.tests.Demo"/>
  <testcase name="Test06" time="22.582" classname="au.com.miracletek.tests.Demo"/>
  <testcase name="Test07" time="18.813" classname="au.com.miracletek.tests.Demo"/>
  <testcase name="Test08" time="7.139" classname="au.com.miracletek.tests.Demo"/>
  <testcase name="Test09" time="3.399" classname="au.com.miracletek.tests.Demo"/>
  <testcase name="Test10" time="8.439" classname="au.com.miracletek.tests.Demo"/>
  <testcase name="Test11" time="70.353" classname="au.com.miracletek.tests.Demo">
    <failure type="org.openqa.selenium.TimeoutException" message="Expected condition failed: waiting for visibility of element located by By.xpath: //android.widget.TextView[@text=&amp;apos;3/3 pages updated successfully&amp;apos;] (tried for 30 second(s) with 500 MILLISECONDS interval)">
      <![CDATA[org.openqa.selenium.TimeoutException: Expected condition failed: waiting for visibility of element located by By.xpath: //android.widget.TextView[@text='3/3 pages updated successfully'] (tried for 30 second(s) with 500 MILLISECONDS interval)
	at org.openqa.selenium.support.ui.WebDriverWait.timeoutException(WebDriverWait.java:82)
	at org.openqa.selenium.support.ui.FluentWait.until(FluentWait.java:231)
	at au.com.miracletek.common.BasePage.waitForVisibilityOf(BasePage.java:90)
	at au.com.miracletek.tests.Demo.Test11(Demo.java:582)
Caused by: org.openqa.selenium.NoSuchElementException: Cannot locate an element using By.xpath: //android.widget.TextView[@text='3/3 pages updated successfully']
For documentation on this error, please visit: http://seleniumhq.org/exceptions/no_such_element.html
Build info: version: '3.8.1', revision: '6e95a6684b', time: '2017-12-01T19:05:14.666Z'
System info: host: 'MT-KHI-17', ip: '192.168.56.1', os.name: 'Windows 10', os.arch: 'amd64', os.version: '10.0', java.version: '1.8.0_121'
Driver info: driver.version: unknown
	at org.openqa.selenium.support.ui.ExpectedConditions.lambda$findElement$0(ExpectedConditions.java:882)
	at java.util.Optional.orElseThrow(Optional.java:290)
	at org.openqa.selenium.support.ui.ExpectedConditions.findElement(ExpectedConditions.java:881)
	at org.openqa.selenium.support.ui.ExpectedConditions.access$000(ExpectedConditions.java:43)
	at org.openqa.selenium.support.ui.ExpectedConditions$7.apply(ExpectedConditions.java:205)
	at org.openqa.selenium.support.ui.ExpectedConditions$7.apply(ExpectedConditions.java:201)
	at org.openqa.selenium.support.ui.FluentWait.until(FluentWait.java:208)
	... 26 more
... Removed 24 stack frames]]>
    </failure>
  </testcase> <!-- Test11 -->
</testsuite> <!-- Demo -->
