<?xml version="1.0" encoding="UTF-8"?>
<testng-results skipped="0" failed="1" total="11" passed="10">
  <reporter-output>
  </reporter-output>
  <suite name="Suite" duration-ms="289998" started-at="2018-03-15T09:33:02Z" finished-at="2018-03-15T09:37:52Z">
    <groups>
    </groups>
    <test name="Demo" duration-ms="289998" started-at="2018-03-15T09:33:02Z" finished-at="2018-03-15T09:37:52Z">
      <class name="au.com.miracletek.tests.Demo">
        <test-method status="PASS" signature="setupDriverConfigAndStartAppiumServer(java.lang.String, java.lang.String, java.lang.String, java.lang.String, java.lang.String, java.lang.String, java.lang.String, java.lang.String, java.lang.String, java.lang.String, int)[pri:0, instance:au.com.miracletek.tests.Demo@3bbc39f8]" name="setupDriverConfigAndStartAppiumServer" is-config="true" duration-ms="3777" started-at="2018-03-15T14:32:58Z" finished-at="2018-03-15T14:33:02Z">
          <params>
            <param index="0">
              <value>
                <![CDATA[PLATFORM_ANDROID]]>
              </value>
            </param>
            <param index="1">
              <value>
                <![CDATA[Android]]>
              </value>
            </param>
            <param index="2">
              <value>
                <![CDATA[6.0.1]]>
              </value>
            </param>
            <param index="3">
              <value>
                <![CDATA[0628a315002e172e]]>
              </value>
            </param>
            <param index="4">
              <value>
                <![CDATA[apk\\co.miracletek.miracle.prd-Signed.apk]]>
              </value>
            </param>
            <param index="5">
              <value>
                <![CDATA[co.miracletek.miracle.prd]]>
              </value>
            </param>
            <param index="6">
              <value>
                <![CDATA[md5416f8fc9705f945d05f173ad9594b81d.SplashActivity]]>
              </value>
            </param>
            <param index="7">
              <value>
                <![CDATA[]]>
              </value>
            </param>
            <param index="8">
              <value>
                <![CDATA[]]>
              </value>
            </param>
            <param index="9">
              <value>
                <![CDATA[127.0.0.1]]>
              </value>
            </param>
            <param index="10">
              <value>
                <![CDATA[4723]]>
              </value>
            </param>
          </params>
          <reporter-output>
          </reporter-output>
        </test-method> <!-- setupDriverConfigAndStartAppiumServer -->
        <test-method status="PASS" signature="setupDriver()[pri:0, instance:au.com.miracletek.tests.Demo@3bbc39f8]" name="setupDriver" is-config="true" duration-ms="27962" started-at="2018-03-15T14:33:02Z" finished-at="2018-03-15T14:33:30Z">
          <reporter-output>
          </reporter-output>
        </test-method> <!-- setupDriver -->
        <test-method status="PASS" signature="Test01()[pri:0, instance:au.com.miracletek.tests.Demo@3bbc39f8]" name="Test01" duration-ms="75449" started-at="2018-03-15T14:33:30Z" finished-at="2018-03-15T14:34:46Z">
          <reporter-output>
          </reporter-output>
        </test-method> <!-- Test01 -->
        <test-method status="PASS" signature="getResult(org.testng.ITestResult)[pri:0, instance:au.com.miracletek.tests.Demo@3bbc39f8]" name="getResult" is-config="true" duration-ms="1" started-at="2018-03-15T14:34:46Z" finished-at="2018-03-15T14:34:46Z">
          <params>
            <param index="0">
              <value>
                <![CDATA[[TestResult name=Test01 status=SUCCESS method=Demo.Test01()[pri:0, instance:au.com.miracletek.tests.Demo@3bbc39f8] output={null}]]]>
              </value>
            </param>
          </params>
          <reporter-output>
          </reporter-output>
        </test-method> <!-- getResult -->
        <test-method status="PASS" signature="Test02()[pri:0, instance:au.com.miracletek.tests.Demo@3bbc39f8]" name="Test02" duration-ms="9195" started-at="2018-03-15T14:34:46Z" finished-at="2018-03-15T14:34:55Z">
          <reporter-output>
          </reporter-output>
        </test-method> <!-- Test02 -->
        <test-method status="PASS" signature="getResult(org.testng.ITestResult)[pri:0, instance:au.com.miracletek.tests.Demo@3bbc39f8]" name="getResult" is-config="true" duration-ms="0" started-at="2018-03-15T14:34:55Z" finished-at="2018-03-15T14:34:55Z">
          <params>
            <param index="0">
              <value>
                <![CDATA[[TestResult name=Test02 status=SUCCESS method=Demo.Test02()[pri:0, instance:au.com.miracletek.tests.Demo@3bbc39f8] output={null}]]]>
              </value>
            </param>
          </params>
          <reporter-output>
          </reporter-output>
        </test-method> <!-- getResult -->
        <test-method status="PASS" signature="Test03()[pri:0, instance:au.com.miracletek.tests.Demo@3bbc39f8]" name="Test03" duration-ms="14314" started-at="2018-03-15T14:34:55Z" finished-at="2018-03-15T14:35:09Z">
          <reporter-output>
          </reporter-output>
        </test-method> <!-- Test03 -->
        <test-method status="PASS" signature="getResult(org.testng.ITestResult)[pri:0, instance:au.com.miracletek.tests.Demo@3bbc39f8]" name="getResult" is-config="true" duration-ms="0" started-at="2018-03-15T14:35:09Z" finished-at="2018-03-15T14:35:09Z">
          <params>
            <param index="0">
              <value>
                <![CDATA[[TestResult name=Test03 status=SUCCESS method=Demo.Test03()[pri:0, instance:au.com.miracletek.tests.Demo@3bbc39f8] output={null}]]]>
              </value>
            </param>
          </params>
          <reporter-output>
          </reporter-output>
        </test-method> <!-- getResult -->
        <test-method status="PASS" signature="Test04()[pri:0, instance:au.com.miracletek.tests.Demo@3bbc39f8]" name="Test04" duration-ms="7744" started-at="2018-03-15T14:35:09Z" finished-at="2018-03-15T14:35:17Z">
          <reporter-output>
          </reporter-output>
        </test-method> <!-- Test04 -->
        <test-method status="PASS" signature="getResult(org.testng.ITestResult)[pri:0, instance:au.com.miracletek.tests.Demo@3bbc39f8]" name="getResult" is-config="true" duration-ms="1" started-at="2018-03-15T14:35:17Z" finished-at="2018-03-15T14:35:17Z">
          <params>
            <param index="0">
              <value>
                <![CDATA[[TestResult name=Test04 status=SUCCESS method=Demo.Test04()[pri:0, instance:au.com.miracletek.tests.Demo@3bbc39f8] output={null}]]]>
              </value>
            </param>
          </params>
          <reporter-output>
          </reporter-output>
        </test-method> <!-- getResult -->
        <test-method status="PASS" signature="Test05()[pri:0, instance:au.com.miracletek.tests.Demo@3bbc39f8]" name="Test05" duration-ms="16891" started-at="2018-03-15T14:35:17Z" finished-at="2018-03-15T14:35:34Z">
          <reporter-output>
          </reporter-output>
        </test-method> <!-- Test05 -->
        <test-method status="PASS" signature="getResult(org.testng.ITestResult)[pri:0, instance:au.com.miracletek.tests.Demo@3bbc39f8]" name="getResult" is-config="true" duration-ms="0" started-at="2018-03-15T14:35:34Z" finished-at="2018-03-15T14:35:34Z">
          <params>
            <param index="0">
              <value>
                <![CDATA[[TestResult name=Test05 status=SUCCESS method=Demo.Test05()[pri:0, instance:au.com.miracletek.tests.Demo@3bbc39f8] output={null}]]]>
              </value>
            </param>
          </params>
          <reporter-output>
          </reporter-output>
        </test-method> <!-- getResult -->
        <test-method status="PASS" signature="Test06()[pri:0, instance:au.com.miracletek.tests.Demo@3bbc39f8]" name="Test06" duration-ms="22582" started-at="2018-03-15T14:35:34Z" finished-at="2018-03-15T14:35:56Z">
          <reporter-output>
          </reporter-output>
        </test-method> <!-- Test06 -->
        <test-method status="PASS" signature="getResult(org.testng.ITestResult)[pri:0, instance:au.com.miracletek.tests.Demo@3bbc39f8]" name="getResult" is-config="true" duration-ms="0" started-at="2018-03-15T14:35:56Z" finished-at="2018-03-15T14:35:56Z">
          <params>
            <param index="0">
              <value>
                <![CDATA[[TestResult name=Test06 status=SUCCESS method=Demo.Test06()[pri:0, instance:au.com.miracletek.tests.Demo@3bbc39f8] output={null}]]]>
              </value>
            </param>
          </params>
          <reporter-output>
          </reporter-output>
        </test-method> <!-- getResult -->
        <test-method status="PASS" signature="Test07()[pri:0, instance:au.com.miracletek.tests.Demo@3bbc39f8]" name="Test07" duration-ms="18813" started-at="2018-03-15T14:35:56Z" finished-at="2018-03-15T14:36:15Z">
          <reporter-output>
          </reporter-output>
        </test-method> <!-- Test07 -->
        <test-method status="PASS" signature="Test08()[pri:0, instance:au.com.miracletek.tests.Demo@3bbc39f8]" name="Test08" duration-ms="7139" started-at="2018-03-15T14:36:15Z" finished-at="2018-03-15T14:36:22Z">
          <reporter-output>
          </reporter-output>
        </test-method> <!-- Test08 -->
        <test-method status="PASS" signature="getResult(org.testng.ITestResult)[pri:0, instance:au.com.miracletek.tests.Demo@3bbc39f8]" name="getResult" is-config="true" duration-ms="0" started-at="2018-03-15T14:36:15Z" finished-at="2018-03-15T14:36:15Z">
          <params>
            <param index="0">
              <value>
                <![CDATA[[TestResult name=Test07 status=SUCCESS method=Demo.Test07()[pri:0, instance:au.com.miracletek.tests.Demo@3bbc39f8] output={null}]]]>
              </value>
            </param>
          </params>
          <reporter-output>
          </reporter-output>
        </test-method> <!-- getResult -->
        <test-method status="PASS" signature="Test09()[pri:0, instance:au.com.miracletek.tests.Demo@3bbc39f8]" name="Test09" duration-ms="3399" started-at="2018-03-15T14:36:22Z" finished-at="2018-03-15T14:36:26Z">
          <reporter-output>
          </reporter-output>
        </test-method> <!-- Test09 -->
        <test-method status="PASS" signature="getResult(org.testng.ITestResult)[pri:0, instance:au.com.miracletek.tests.Demo@3bbc39f8]" name="getResult" is-config="true" duration-ms="0" started-at="2018-03-15T14:36:22Z" finished-at="2018-03-15T14:36:22Z">
          <params>
            <param index="0">
              <value>
                <![CDATA[[TestResult name=Test08 status=SUCCESS method=Demo.Test08()[pri:0, instance:au.com.miracletek.tests.Demo@3bbc39f8] output={null}]]]>
              </value>
            </param>
          </params>
          <reporter-output>
          </reporter-output>
        </test-method> <!-- getResult -->
        <test-method status="PASS" signature="getResult(org.testng.ITestResult)[pri:0, instance:au.com.miracletek.tests.Demo@3bbc39f8]" name="getResult" is-config="true" duration-ms="1" started-at="2018-03-15T14:36:26Z" finished-at="2018-03-15T14:36:26Z">
          <params>
            <param index="0">
              <value>
                <![CDATA[[TestResult name=Test09 status=SUCCESS method=Demo.Test09()[pri:0, instance:au.com.miracletek.tests.Demo@3bbc39f8] output={null}]]]>
              </value>
            </param>
          </params>
          <reporter-output>
          </reporter-output>
        </test-method> <!-- getResult -->
        <test-method status="PASS" signature="Test10()[pri:0, instance:au.com.miracletek.tests.Demo@3bbc39f8]" name="Test10" duration-ms="8439" started-at="2018-03-15T14:36:26Z" finished-at="2018-03-15T14:36:34Z">
          <reporter-output>
          </reporter-output>
        </test-method> <!-- Test10 -->
        <test-method status="PASS" signature="getResult(org.testng.ITestResult)[pri:0, instance:au.com.miracletek.tests.Demo@3bbc39f8]" name="getResult" is-config="true" duration-ms="1" started-at="2018-03-15T14:36:34Z" finished-at="2018-03-15T14:36:34Z">
          <params>
            <param index="0">
              <value>
                <![CDATA[[TestResult name=Test10 status=SUCCESS method=Demo.Test10()[pri:0, instance:au.com.miracletek.tests.Demo@3bbc39f8] output={null}]]]>
              </value>
            </param>
          </params>
          <reporter-output>
          </reporter-output>
        </test-method> <!-- getResult -->
        <test-method status="FAIL" signature="Test11()[pri:0, instance:au.com.miracletek.tests.Demo@3bbc39f8]" name="Test11" duration-ms="70353" started-at="2018-03-15T14:36:34Z" finished-at="2018-03-15T14:37:44Z">
          <exception class="org.openqa.selenium.TimeoutException">
            <message>
              <![CDATA[Expected condition failed: waiting for visibility of element located by By.xpath: //android.widget.TextView[@text='3/3 pages updated successfully'] (tried for 30 second(s) with 500 MILLISECONDS interval)]]>
            </message>
            <full-stacktrace>
              <![CDATA[org.openqa.selenium.TimeoutException: Expected condition failed: waiting for visibility of element located by By.xpath: //android.widget.TextView[@text='3/3 pages updated successfully'] (tried for 30 second(s) with 500 MILLISECONDS interval)
	at org.openqa.selenium.support.ui.WebDriverWait.timeoutException(WebDriverWait.java:82)
	at org.openqa.selenium.support.ui.FluentWait.until(FluentWait.java:231)
	at au.com.miracletek.common.BasePage.waitForVisibilityOf(BasePage.java:90)
	at au.com.miracletek.tests.Demo.Test11(Demo.java:582)
	at sun.reflect.NativeMethodAccessorImpl.invoke0(Native Method)
	at sun.reflect.NativeMethodAccessorImpl.invoke(NativeMethodAccessorImpl.java:62)
	at sun.reflect.DelegatingMethodAccessorImpl.invoke(DelegatingMethodAccessorImpl.java:43)
	at java.lang.reflect.Method.invoke(Method.java:498)
	at org.testng.internal.MethodInvocationHelper.invokeMethod(MethodInvocationHelper.java:85)
	at org.testng.internal.Invoker.invokeMethod(Invoker.java:639)
	at org.testng.internal.Invoker.invokeTestMethod(Invoker.java:816)
	at org.testng.internal.Invoker.invokeTestMethods(Invoker.java:1124)
	at org.testng.internal.TestMethodWorker.invokeTestMethods(TestMethodWorker.java:125)
	at org.testng.internal.TestMethodWorker.run(TestMethodWorker.java:108)
	at org.testng.TestRunner.privateRun(TestRunner.java:774)
	at org.testng.TestRunner.run(TestRunner.java:624)
	at org.testng.SuiteRunner.runTest(SuiteRunner.java:359)
	at org.testng.SuiteRunner.runSequentially(SuiteRunner.java:354)
	at org.testng.SuiteRunner.privateRun(SuiteRunner.java:312)
	at org.testng.SuiteRunner.run(SuiteRunner.java:261)
	at org.testng.SuiteRunnerWorker.runSuite(SuiteRunnerWorker.java:52)
	at org.testng.SuiteRunnerWorker.run(SuiteRunnerWorker.java:86)
	at org.testng.TestNG.runSuitesSequentially(TestNG.java:1215)
	at org.testng.TestNG.runSuitesLocally(TestNG.java:1140)
	at org.testng.TestNG.run(TestNG.java:1048)
	at org.testng.remote.AbstractRemoteTestNG.run(AbstractRemoteTestNG.java:114)
	at org.testng.remote.RemoteTestNG.initAndRun(RemoteTestNG.java:251)
	at org.testng.remote.RemoteTestNG.main(RemoteTestNG.java:77)
Caused by: org.openqa.selenium.NoSuchElementException: Cannot locate an element using By.xpath: //android.widget.TextView[@text='3/3 pages updated successfully']
For documentation on this error, please visit: http://seleniumhq.org/exceptions/no_such_element.html
Build info: version: '3.8.1', revision: '6e95a6684b', time: '2017-12-01T19:05:14.666Z'
System info: host: 'MT-KHI-17', ip: '192.168.56.1', os.name: 'Windows 10', os.arch: 'amd64', os.version: '10.0', java.version: '1.8.0_121'
Driver info: driver.version: unknown
	at org.openqa.selenium.support.ui.ExpectedConditions.lambda$findElement$0(ExpectedConditions.java:882)
	at java.util.Optional.orElseThrow(Optional.java:290)
	at org.openqa.selenium.support.ui.ExpectedConditions.findElement(ExpectedConditions.java:881)
	at org.openqa.selenium.support.ui.ExpectedConditions.access$000(ExpectedConditions.java:43)
	at org.openqa.selenium.support.ui.ExpectedConditions$7.apply(ExpectedConditions.java:205)
	at org.openqa.selenium.support.ui.ExpectedConditions$7.apply(ExpectedConditions.java:201)
	at org.openqa.selenium.support.ui.FluentWait.until(FluentWait.java:208)
	... 26 more
]]>
            </full-stacktrace>
          </exception> <!-- org.openqa.selenium.TimeoutException -->
          <reporter-output>
          </reporter-output>
        </test-method> <!-- Test11 -->
        <test-method status="PASS" signature="getResult(org.testng.ITestResult)[pri:0, instance:au.com.miracletek.tests.Demo@3bbc39f8]" name="getResult" is-config="true" duration-ms="0" started-at="2018-03-15T14:37:46Z" finished-at="2018-03-15T14:37:46Z">
          <params>
            <param index="0">
              <value>
                <![CDATA[[TestResult name=Test11 status=FAILURE method=Demo.Test11()[pri:0, instance:au.com.miracletek.tests.Demo@3bbc39f8] output={null}]]]>
              </value>
            </param>
          </params>
          <reporter-output>
          </reporter-output>
        </test-method> <!-- getResult -->
        <test-method status="PASS" signature="stopDriver()[pri:0, instance:au.com.miracletek.tests.Demo@3bbc39f8]" name="stopDriver" is-config="true" duration-ms="5895" started-at="2018-03-15T14:37:46Z" finished-at="2018-03-15T14:37:52Z">
          <reporter-output>
          </reporter-output>
        </test-method> <!-- stopDriver -->
        <test-method status="PASS" signature="closeAppiumServer()[pri:0, instance:au.com.miracletek.tests.Demo@3bbc39f8]" name="closeAppiumServer" is-config="true" duration-ms="25082" started-at="2018-03-15T14:37:52Z" finished-at="2018-03-15T14:38:17Z">
          <reporter-output>
          </reporter-output>
        </test-method> <!-- closeAppiumServer -->
      </class> <!-- au.com.miracletek.tests.Demo -->
    </test> <!-- Demo -->
  </suite> <!-- Suite -->
</testng-results>
